<?xml version="1.0" encoding="UTF-8"?>
<!-- Generated by org.testng.reporters.JUnitXMLReporter -->
<testsuite ignored="3" hostname="Loyolas-MBP" failures="0" tests="3" name="Default test" time="93.346" errors="0" timestamp="2023-04-21T11:15:05 GMT-04:00">
  <testcase classname="com.crm.qa.testcases.ContactsPageTest" name="validateCreateNewContact" time="4.533"/>
  <testcase classname="com.crm.qa.testcases.ContactsPageTest" name="validateCreateNewContact" time="4.062"/>
  <testcase classname="com.crm.qa.testcases.ContactsPageTest" name="validateCreateNewContact" time="4.573"/>
  <testcase classname="com.crm.qa.testcases.ContactsPageTest" name="verifyContactsLabel" time="0.0">
    <ignored/>
  </testcase> <!-- verifyContactsLabel -->
  <testcase classname="com.crm.qa.testcases.ContactsPageTest" name="selectMultipleContactsTest" time="0.0">
    <ignored/>
  </testcase> <!-- selectMultipleContactsTest -->
  <testcase classname="com.crm.qa.testcases.ContactsPageTest" name="selectSingleContactTest" time="0.0">
    <ignored/>
  </testcase> <!-- selectSingleContactTest -->
</testsuite> <!-- Default test -->
