<?xml version="1.0" encoding="UTF-8"?>
<testng-results ignored="3" total="6" passed="3" failed="0" skipped="0">
  <reporter-output>
  </reporter-output>
  <suite started-at="2023-04-21T11:13:32 GMT-04:00" name="Default suite" finished-at="2023-04-21T11:15:05 GMT-04:00" duration-ms="93346">
    <groups>
    </groups>
    <test started-at="2023-04-21T11:13:32 GMT-04:00" name="Default test" finished-at="2023-04-21T11:15:05 GMT-04:00" duration-ms="93346">
      <class name="com.crm.qa.testcases.ContactsPageTest">
        <test-method is-config="true" signature="setUp()[pri:0, instance:com.crm.qa.testcases.ContactsPageTest@121314f7]" started-at="2023-04-21T11:13:33 GMT-04:00" name="setUp" finished-at="2023-04-21T11:14:01 GMT-04:00" duration-ms="28709" status="PASS">
          <reporter-output>
          </reporter-output>
        </test-method> <!-- setUp -->
        <test-method signature="validateCreateNewContact(java.lang.String,java.lang.String,java.lang.String)[pri:4, instance:com.crm.qa.testcases.ContactsPageTest@121314f7]" started-at="2023-04-21T11:14:01 GMT-04:00" name="validateCreateNewContact" data-provider="getCRMTestData" finished-at="2023-04-21T11:14:06 GMT-04:00" duration-ms="4533" status="PASS">
          <params>
            <param index="0">
              <value>
                <![CDATA[Komal]]>
              </value>
            </param>
            <param index="1">
              <value>
                <![CDATA[Sharma]]>
              </value>
            </param>
            <param index="2">
              <value>
                <![CDATA[Google]]>
              </value>
            </param>
          </params>
          <reporter-output>
          </reporter-output>
        </test-method> <!-- validateCreateNewContact -->
        <test-method is-config="true" signature="tearDown()[pri:0, instance:com.crm.qa.testcases.ContactsPageTest@121314f7]" started-at="2023-04-21T11:14:06 GMT-04:00" name="tearDown" finished-at="2023-04-21T11:14:06 GMT-04:00" duration-ms="125" status="PASS">
          <reporter-output>
          </reporter-output>
        </test-method> <!-- tearDown -->
        <test-method is-config="true" signature="setUp()[pri:0, instance:com.crm.qa.testcases.ContactsPageTest@121314f7]" started-at="2023-04-21T11:14:06 GMT-04:00" name="setUp" finished-at="2023-04-21T11:14:32 GMT-04:00" duration-ms="25838" status="PASS">
          <reporter-output>
          </reporter-output>
        </test-method> <!-- setUp -->
        <test-method signature="validateCreateNewContact(java.lang.String,java.lang.String,java.lang.String)[pri:4, instance:com.crm.qa.testcases.ContactsPageTest@121314f7]" started-at="2023-04-21T11:14:32 GMT-04:00" name="validateCreateNewContact" data-provider="getCRMTestData" finished-at="2023-04-21T11:14:36 GMT-04:00" duration-ms="4062" status="PASS">
          <params>
            <param index="0">
              <value>
                <![CDATA[David]]>
              </value>
            </param>
            <param index="1">
              <value>
                <![CDATA[Cris]]>
              </value>
            </param>
            <param index="2">
              <value>
                <![CDATA[Amazon]]>
              </value>
            </param>
          </params>
          <reporter-output>
          </reporter-output>
        </test-method> <!-- validateCreateNewContact -->
        <test-method is-config="true" signature="tearDown()[pri:0, instance:com.crm.qa.testcases.ContactsPageTest@121314f7]" started-at="2023-04-21T11:14:36 GMT-04:00" name="tearDown" finished-at="2023-04-21T11:14:36 GMT-04:00" duration-ms="111" status="PASS">
          <reporter-output>
          </reporter-output>
        </test-method> <!-- tearDown -->
        <test-method is-config="true" signature="setUp()[pri:0, instance:com.crm.qa.testcases.ContactsPageTest@121314f7]" started-at="2023-04-21T11:14:36 GMT-04:00" name="setUp" finished-at="2023-04-21T11:15:01 GMT-04:00" duration-ms="24632" status="PASS">
          <reporter-output>
          </reporter-output>
        </test-method> <!-- setUp -->
        <test-method signature="validateCreateNewContact(java.lang.String,java.lang.String,java.lang.String)[pri:4, instance:com.crm.qa.testcases.ContactsPageTest@121314f7]" started-at="2023-04-21T11:15:01 GMT-04:00" name="validateCreateNewContact" data-provider="getCRMTestData" finished-at="2023-04-21T11:15:05 GMT-04:00" duration-ms="4573" status="PASS">
          <params>
            <param index="0">
              <value>
                <![CDATA[Mukta]]>
              </value>
            </param>
            <param index="1">
              <value>
                <![CDATA[Sharma]]>
              </value>
            </param>
            <param index="2">
              <value>
                <![CDATA[Ebay]]>
              </value>
            </param>
          </params>
          <reporter-output>
          </reporter-output>
        </test-method> <!-- validateCreateNewContact -->
        <test-method is-config="true" signature="tearDown()[pri:0, instance:com.crm.qa.testcases.ContactsPageTest@121314f7]" started-at="2023-04-21T11:15:05 GMT-04:00" name="tearDown" finished-at="2023-04-21T11:15:05 GMT-04:00" duration-ms="112" status="PASS">
          <reporter-output>
          </reporter-output>
        </test-method> <!-- tearDown -->
      </class> <!-- com.crm.qa.testcases.ContactsPageTest -->
    </test> <!-- Default test -->
  </suite> <!-- Default suite -->
</testng-results>
