<?xml version="1.0" encoding="UTF-8"?>
<testng-results ignored="0" total="12" passed="11" failed="1" skipped="0">
  <reporter-output>
  </reporter-output>
  <suite started-at="2023-04-28T17:05:14 GMT-04:00" name="Free CRM Application Test Automation Test Suite" finished-at="2023-04-28T17:10:10 GMT-04:00" duration-ms="296678">
    <groups>
    </groups>
    <test started-at="2023-04-28T17:05:14 GMT-04:00" name="Free CRM App Test Cases" finished-at="2023-04-28T17:10:10 GMT-04:00" duration-ms="296678">
      <class name="com.crm.qa.testcases.HomePageTest">
        <test-method is-config="true" signature="setUp()[pri:0, instance:com.crm.qa.testcases.HomePageTest@742ff096]" started-at="2023-04-28T17:05:54 GMT-04:00" name="setUp" finished-at="2023-04-28T17:06:12 GMT-04:00" duration-ms="18457" status="PASS">
          <reporter-output>
          </reporter-output>
        </test-method> <!-- setUp -->
        <test-method signature="verifyHomePageTitleTest()[pri:1, instance:com.crm.qa.testcases.HomePageTest@742ff096]" started-at="2023-04-28T17:06:12 GMT-04:00" name="verifyHomePageTitleTest" finished-at="2023-04-28T17:06:12 GMT-04:00" duration-ms="10" status="PASS">
          <reporter-output>
          </reporter-output>
        </test-method> <!-- verifyHomePageTitleTest -->
        <test-method is-config="true" signature="tearDown()[pri:0, instance:com.crm.qa.testcases.HomePageTest@742ff096]" started-at="2023-04-28T17:06:12 GMT-04:00" name="tearDown" finished-at="2023-04-28T17:06:13 GMT-04:00" duration-ms="117" status="PASS">
          <reporter-output>
          </reporter-output>
        </test-method> <!-- tearDown -->
        <test-method is-config="true" signature="setUp()[pri:0, instance:com.crm.qa.testcases.HomePageTest@742ff096]" started-at="2023-04-28T17:06:13 GMT-04:00" name="setUp" finished-at="2023-04-28T17:06:31 GMT-04:00" duration-ms="18518" status="PASS">
          <reporter-output>
          </reporter-output>
        </test-method> <!-- setUp -->
        <test-method signature="verifyUserNameTest()[pri:2, instance:com.crm.qa.testcases.HomePageTest@742ff096]" started-at="2023-04-28T17:06:31 GMT-04:00" name="verifyUserNameTest" finished-at="2023-04-28T17:06:37 GMT-04:00" duration-ms="6179" status="PASS">
          <reporter-output>
          </reporter-output>
        </test-method> <!-- verifyUserNameTest -->
        <test-method is-config="true" signature="tearDown()[pri:0, instance:com.crm.qa.testcases.HomePageTest@742ff096]" started-at="2023-04-28T17:06:37 GMT-04:00" name="tearDown" finished-at="2023-04-28T17:06:37 GMT-04:00" duration-ms="108" status="PASS">
          <reporter-output>
          </reporter-output>
        </test-method> <!-- tearDown -->
        <test-method is-config="true" signature="setUp()[pri:0, instance:com.crm.qa.testcases.HomePageTest@742ff096]" started-at="2023-04-28T17:06:37 GMT-04:00" name="setUp" finished-at="2023-04-28T17:06:57 GMT-04:00" duration-ms="19579" status="PASS">
          <reporter-output>
          </reporter-output>
        </test-method> <!-- setUp -->
        <test-method signature="verifyContactsLinkTest()[pri:3, instance:com.crm.qa.testcases.HomePageTest@742ff096]" started-at="2023-04-28T17:06:57 GMT-04:00" name="verifyContactsLinkTest" finished-at="2023-04-28T17:07:03 GMT-04:00" duration-ms="6031" status="PASS">
          <reporter-output>
          </reporter-output>
        </test-method> <!-- verifyContactsLinkTest -->
        <test-method is-config="true" signature="tearDown()[pri:0, instance:com.crm.qa.testcases.HomePageTest@742ff096]" started-at="2023-04-28T17:07:03 GMT-04:00" name="tearDown" finished-at="2023-04-28T17:07:03 GMT-04:00" duration-ms="111" status="PASS">
          <reporter-output>
          </reporter-output>
        </test-method> <!-- tearDown -->
      </class> <!-- com.crm.qa.testcases.HomePageTest -->
      <class name="com.crm.qa.testcases.ContactsPageTest">
        <test-method is-config="true" signature="setUp()[pri:0, instance:com.crm.qa.testcases.ContactsPageTest@75437611]" started-at="2023-04-28T17:07:03 GMT-04:00" name="setUp" finished-at="2023-04-28T17:07:29 GMT-04:00" duration-ms="25397" status="PASS">
          <reporter-output>
          </reporter-output>
        </test-method> <!-- setUp -->
        <test-method signature="verifyContactsLabel()[pri:1, instance:com.crm.qa.testcases.ContactsPageTest@75437611]" started-at="2023-04-28T17:07:29 GMT-04:00" name="verifyContactsLabel" finished-at="2023-04-28T17:07:29 GMT-04:00" duration-ms="249" status="PASS">
          <reporter-output>
          </reporter-output>
        </test-method> <!-- verifyContactsLabel -->
        <test-method is-config="true" signature="tearDown()[pri:0, instance:com.crm.qa.testcases.ContactsPageTest@75437611]" started-at="2023-04-28T17:07:29 GMT-04:00" name="tearDown" finished-at="2023-04-28T17:07:29 GMT-04:00" duration-ms="110" status="PASS">
          <reporter-output>
          </reporter-output>
        </test-method> <!-- tearDown -->
        <test-method is-config="true" signature="setUp()[pri:0, instance:com.crm.qa.testcases.ContactsPageTest@75437611]" started-at="2023-04-28T17:07:29 GMT-04:00" name="setUp" finished-at="2023-04-28T17:07:55 GMT-04:00" duration-ms="25763" status="PASS">
          <reporter-output>
          </reporter-output>
        </test-method> <!-- setUp -->
        <test-method signature="selectSingleContactTest()[pri:2, instance:com.crm.qa.testcases.ContactsPageTest@75437611]" started-at="2023-04-28T17:07:55 GMT-04:00" name="selectSingleContactTest" finished-at="2023-04-28T17:08:05 GMT-04:00" duration-ms="10562" status="PASS">
          <reporter-output>
          </reporter-output>
        </test-method> <!-- selectSingleContactTest -->
        <test-method is-config="true" signature="tearDown()[pri:0, instance:com.crm.qa.testcases.ContactsPageTest@75437611]" started-at="2023-04-28T17:08:05 GMT-04:00" name="tearDown" finished-at="2023-04-28T17:08:05 GMT-04:00" duration-ms="112" status="PASS">
          <reporter-output>
          </reporter-output>
        </test-method> <!-- tearDown -->
        <test-method is-config="true" signature="setUp()[pri:0, instance:com.crm.qa.testcases.ContactsPageTest@75437611]" started-at="2023-04-28T17:08:05 GMT-04:00" name="setUp" finished-at="2023-04-28T17:08:30 GMT-04:00" duration-ms="24200" status="PASS">
          <reporter-output>
          </reporter-output>
        </test-method> <!-- setUp -->
        <test-method signature="selectMultipleContactsTest()[pri:3, instance:com.crm.qa.testcases.ContactsPageTest@75437611]" started-at="2023-04-28T17:08:30 GMT-04:00" name="selectMultipleContactsTest" finished-at="2023-04-28T17:08:31 GMT-04:00" duration-ms="1527" status="PASS">
          <reporter-output>
          </reporter-output>
        </test-method> <!-- selectMultipleContactsTest -->
        <test-method is-config="true" signature="tearDown()[pri:0, instance:com.crm.qa.testcases.ContactsPageTest@75437611]" started-at="2023-04-28T17:08:31 GMT-04:00" name="tearDown" finished-at="2023-04-28T17:08:31 GMT-04:00" duration-ms="135" status="PASS">
          <reporter-output>
          </reporter-output>
        </test-method> <!-- tearDown -->
        <test-method is-config="true" signature="setUp()[pri:0, instance:com.crm.qa.testcases.ContactsPageTest@75437611]" started-at="2023-04-28T17:08:32 GMT-04:00" name="setUp" finished-at="2023-04-28T17:09:00 GMT-04:00" duration-ms="27985" status="PASS">
          <reporter-output>
          </reporter-output>
        </test-method> <!-- setUp -->
        <test-method signature="validateCreateNewContact(java.lang.String,java.lang.String,java.lang.String)[pri:4, instance:com.crm.qa.testcases.ContactsPageTest@75437611]" started-at="2023-04-28T17:09:00 GMT-04:00" name="validateCreateNewContact" data-provider="getCRMTestData" finished-at="2023-04-28T17:09:03 GMT-04:00" duration-ms="3601" status="PASS">
          <params>
            <param index="0">
              <value>
                <![CDATA[Komal]]>
              </value>
            </param>
            <param index="1">
              <value>
                <![CDATA[Sharma]]>
              </value>
            </param>
            <param index="2">
              <value>
                <![CDATA[Google]]>
              </value>
            </param>
          </params>
          <reporter-output>
          </reporter-output>
        </test-method> <!-- validateCreateNewContact -->
        <test-method is-config="true" signature="tearDown()[pri:0, instance:com.crm.qa.testcases.ContactsPageTest@75437611]" started-at="2023-04-28T17:09:03 GMT-04:00" name="tearDown" finished-at="2023-04-28T17:09:03 GMT-04:00" duration-ms="107" status="PASS">
          <reporter-output>
          </reporter-output>
        </test-method> <!-- tearDown -->
        <test-method is-config="true" signature="setUp()[pri:0, instance:com.crm.qa.testcases.ContactsPageTest@75437611]" started-at="2023-04-28T17:09:03 GMT-04:00" name="setUp" finished-at="2023-04-28T17:09:30 GMT-04:00" duration-ms="26537" status="PASS">
          <reporter-output>
          </reporter-output>
        </test-method> <!-- setUp -->
        <test-method signature="validateCreateNewContact(java.lang.String,java.lang.String,java.lang.String)[pri:4, instance:com.crm.qa.testcases.ContactsPageTest@75437611]" started-at="2023-04-28T17:09:30 GMT-04:00" name="validateCreateNewContact" data-provider="getCRMTestData" finished-at="2023-04-28T17:09:33 GMT-04:00" duration-ms="3460" status="PASS">
          <params>
            <param index="0">
              <value>
                <![CDATA[David]]>
              </value>
            </param>
            <param index="1">
              <value>
                <![CDATA[Cris]]>
              </value>
            </param>
            <param index="2">
              <value>
                <![CDATA[Amazon]]>
              </value>
            </param>
          </params>
          <reporter-output>
          </reporter-output>
        </test-method> <!-- validateCreateNewContact -->
        <test-method is-config="true" signature="tearDown()[pri:0, instance:com.crm.qa.testcases.ContactsPageTest@75437611]" started-at="2023-04-28T17:09:33 GMT-04:00" name="tearDown" finished-at="2023-04-28T17:09:34 GMT-04:00" duration-ms="140" status="PASS">
          <reporter-output>
          </reporter-output>
        </test-method> <!-- tearDown -->
        <test-method is-config="true" signature="setUp()[pri:0, instance:com.crm.qa.testcases.ContactsPageTest@75437611]" started-at="2023-04-28T17:09:34 GMT-04:00" name="setUp" finished-at="2023-04-28T17:09:59 GMT-04:00" duration-ms="25900" status="PASS">
          <reporter-output>
          </reporter-output>
        </test-method> <!-- setUp -->
        <test-method signature="validateCreateNewContact(java.lang.String,java.lang.String,java.lang.String)[pri:4, instance:com.crm.qa.testcases.ContactsPageTest@75437611]" started-at="2023-04-28T17:09:59 GMT-04:00" name="validateCreateNewContact" data-provider="getCRMTestData" finished-at="2023-04-28T17:10:10 GMT-04:00" duration-ms="10873" status="FAIL">
          <params>
            <param index="0">
              <value>
                <![CDATA[Mukta]]>
              </value>
            </param>
            <param index="1">
              <value>
                <![CDATA[Sharma]]>
              </value>
            </param>
            <param index="2">
              <value>
                <![CDATA[Ebay]]>
              </value>
            </param>
          </params>
          <exception class="org.openqa.selenium.ElementNotInteractableException">
            <message>
              <![CDATA[element not interactable
  (Session info: chrome=112.0.5615.137)
Build info: version: '4.8.3', revision: 'e5e76298c3'
System info: os.name: 'Mac OS X', os.arch: 'x86_64', os.version: '13.3.1', java.version: '17.0.6'
Driver info: org.openqa.selenium.chrome.ChromeDriver
Command: [a75ed6379e0dc9203e56124b623ea114, clickElement {id=586c294d-5ffa-4ce6-842c-c0d06394d5fd}]
Capabilities {acceptInsecureCerts: false, browserName: chrome, browserVersion: 112.0.5615.137, chrome: {chromedriverVersion: 112.0.5615.49 (bd2a7bcb881c..., userDataDir: /var/folders/hd/k0sss5ss03d...}, goog:chromeOptions: {debuggerAddress: localhost:49805}, networkConnectionEnabled: false, pageLoadStrategy: normal, platformName: MAC, proxy: Proxy(), se:cdp: ws://localhost:49805/devtoo..., se:cdpVersion: 112.0.5615.137, setWindowRect: true, strictFileInteractability: false, timeouts: {implicit: 0, pageLoad: 300000, script: 30000}, unhandledPromptBehavior: dismiss and notify, webauthn:extension:credBlob: true, webauthn:extension:largeBlob: true, webauthn:extension:minPinLength: true, webauthn:extension:prf: true, webauthn:virtualAuthenticators: true}
Element: [[ChromeDriver: chrome on MAC (a75ed6379e0dc9203e56124b623ea114)] -> xpath: //a[contains(@href, 'contacts')]//parent::div//button]
Session ID: a75ed6379e0dc9203e56124b623ea114]]>
            </message>
            <full-stacktrace>
              <![CDATA[org.openqa.selenium.ElementNotInteractableException: element not interactable
  (Session info: chrome=112.0.5615.137)
Build info: version: '4.8.3', revision: 'e5e76298c3'
System info: os.name: 'Mac OS X', os.arch: 'x86_64', os.version: '13.3.1', java.version: '17.0.6'
Driver info: org.openqa.selenium.chrome.ChromeDriver
Command: [a75ed6379e0dc9203e56124b623ea114, clickElement {id=586c294d-5ffa-4ce6-842c-c0d06394d5fd}]
Capabilities {acceptInsecureCerts: false, browserName: chrome, browserVersion: 112.0.5615.137, chrome: {chromedriverVersion: 112.0.5615.49 (bd2a7bcb881c..., userDataDir: /var/folders/hd/k0sss5ss03d...}, goog:chromeOptions: {debuggerAddress: localhost:49805}, networkConnectionEnabled: false, pageLoadStrategy: normal, platformName: MAC, proxy: Proxy(), se:cdp: ws://localhost:49805/devtoo..., se:cdpVersion: 112.0.5615.137, setWindowRect: true, strictFileInteractability: false, timeouts: {implicit: 0, pageLoad: 300000, script: 30000}, unhandledPromptBehavior: dismiss and notify, webauthn:extension:credBlob: true, webauthn:extension:largeBlob: true, webauthn:extension:minPinLength: true, webauthn:extension:prf: true, webauthn:virtualAuthenticators: true}
Element: [[ChromeDriver: chrome on MAC (a75ed6379e0dc9203e56124b623ea114)] -> xpath: //a[contains(@href, 'contacts')]//parent::div//button]
Session ID: a75ed6379e0dc9203e56124b623ea114
at java.base/jdk.internal.reflect.NativeConstructorAccessorImpl.newInstance0(Native Method)
at java.base/jdk.internal.reflect.NativeConstructorAccessorImpl.newInstance(NativeConstructorAccessorImpl.java:77)
at java.base/jdk.internal.reflect.DelegatingConstructorAccessorImpl.newInstance(DelegatingConstructorAccessorImpl.java:45)
at java.base/java.lang.reflect.Constructor.newInstanceWithCaller(Constructor.java:499)
at java.base/java.lang.reflect.Constructor.newInstance(Constructor.java:480)
at org.openqa.selenium.remote.codec.w3c.W3CHttpResponseCodec.createException(W3CHttpResponseCodec.java:200)
at org.openqa.selenium.remote.codec.w3c.W3CHttpResponseCodec.decode(W3CHttpResponseCodec.java:133)
at org.openqa.selenium.remote.codec.w3c.W3CHttpResponseCodec.decode(W3CHttpResponseCodec.java:53)
at org.openqa.selenium.remote.HttpCommandExecutor.execute(HttpCommandExecutor.java:193)
at org.openqa.selenium.remote.service.DriverCommandExecutor.invokeExecute(DriverCommandExecutor.java:183)
at org.openqa.selenium.remote.service.DriverCommandExecutor.execute(DriverCommandExecutor.java:158)
at org.openqa.selenium.remote.RemoteWebDriver.execute(RemoteWebDriver.java:543)
at org.openqa.selenium.remote.RemoteWebElement.execute(RemoteWebElement.java:257)
at org.openqa.selenium.remote.RemoteWebElement.click(RemoteWebElement.java:78)
at jdk.internal.reflect.GeneratedMethodAccessor6.invoke(Unknown Source)
at java.base/jdk.internal.reflect.DelegatingMethodAccessorImpl.invoke(DelegatingMethodAccessorImpl.java:43)
at java.base/java.lang.reflect.Method.invoke(Method.java:568)
at org.openqa.selenium.support.events.EventFiringWebDriver$EventFiringWebElement.lambda$new$0(EventFiringWebDriver.java:378)
at jdk.proxy2/jdk.proxy2.$Proxy36.click(Unknown Source)
at org.openqa.selenium.support.events.EventFiringWebDriver$EventFiringWebElement.click(EventFiringWebDriver.java:391)
at jdk.internal.reflect.GeneratedMethodAccessor6.invoke(Unknown Source)
at java.base/jdk.internal.reflect.DelegatingMethodAccessorImpl.invoke(DelegatingMethodAccessorImpl.java:43)
at java.base/java.lang.reflect.Method.invoke(Method.java:568)
at org.openqa.selenium.support.pagefactory.internal.LocatingElementHandler.invoke(LocatingElementHandler.java:52)
at jdk.proxy2/jdk.proxy2.$Proxy35.click(Unknown Source)
at com.crm.qa.pages.HomePage.clickOnNewContactLink(HomePage.java:57)
at com.crm.qa.testcases.ContactsPageTest.validateCreateNewContact(ContactsPageTest.java:63)
at java.base/jdk.internal.reflect.NativeMethodAccessorImpl.invoke0(Native Method)
at java.base/jdk.internal.reflect.NativeMethodAccessorImpl.invoke(NativeMethodAccessorImpl.java:77)
at java.base/jdk.internal.reflect.DelegatingMethodAccessorImpl.invoke(DelegatingMethodAccessorImpl.java:43)
at java.base/java.lang.reflect.Method.invoke(Method.java:568)
at org.testng.internal.invokers.MethodInvocationHelper.invokeMethod(MethodInvocationHelper.java:139)
at org.testng.internal.invokers.TestInvoker.invokeMethod(TestInvoker.java:677)
at org.testng.internal.invokers.TestInvoker.invokeTestMethod(TestInvoker.java:221)
at org.testng.internal.invokers.MethodRunner.runInSequence(MethodRunner.java:50)
at org.testng.internal.invokers.TestInvoker$MethodInvocationAgent.invoke(TestInvoker.java:969)
at org.testng.internal.invokers.TestInvoker.invokeTestMethods(TestInvoker.java:194)
at org.testng.internal.invokers.TestMethodWorker.invokeTestMethods(TestMethodWorker.java:148)
at org.testng.internal.invokers.TestMethodWorker.run(TestMethodWorker.java:128)
at java.base/java.util.ArrayList.forEach(ArrayList.java:1511)
at org.testng.TestRunner.privateRun(TestRunner.java:829)
at org.testng.TestRunner.run(TestRunner.java:602)
at org.testng.SuiteRunner.runTest(SuiteRunner.java:437)
at org.testng.SuiteRunner.runSequentially(SuiteRunner.java:431)
at org.testng.SuiteRunner.privateRun(SuiteRunner.java:391)
at org.testng.SuiteRunner.run(SuiteRunner.java:330)
at org.testng.SuiteRunnerWorker.runSuite(SuiteRunnerWorker.java:52)
at org.testng.SuiteRunnerWorker.run(SuiteRunnerWorker.java:95)
at org.testng.TestNG.runSuitesSequentially(TestNG.java:1256)
at org.testng.TestNG.runSuitesLocally(TestNG.java:1176)
at org.testng.TestNG.runSuites(TestNG.java:1099)
at org.testng.TestNG.run(TestNG.java:1067)
at org.testng.remote.AbstractRemoteTestNG.run(AbstractRemoteTestNG.java:115)
at org.testng.remote.RemoteTestNG.initAndRun(RemoteTestNG.java:251)
at org.testng.remote.RemoteTestNG.main(RemoteTestNG.java:77)
]]>
            </full-stacktrace>
          </exception> <!-- org.openqa.selenium.ElementNotInteractableException -->
          <reporter-output>
          </reporter-output>
        </test-method> <!-- validateCreateNewContact -->
        <test-method is-config="true" signature="tearDown()[pri:0, instance:com.crm.qa.testcases.ContactsPageTest@75437611]" started-at="2023-04-28T17:10:10 GMT-04:00" name="tearDown" finished-at="2023-04-28T17:10:10 GMT-04:00" duration-ms="113" status="PASS">
          <reporter-output>
          </reporter-output>
        </test-method> <!-- tearDown -->
      </class> <!-- com.crm.qa.testcases.ContactsPageTest -->
      <class name="com.crm.qa.testcases.LoginPageTest">
        <test-method is-config="true" signature="setUp()[pri:0, instance:com.crm.qa.testcases.LoginPageTest@f78a47e]" started-at="2023-04-28T17:05:14 GMT-04:00" name="setUp" finished-at="2023-04-28T17:05:26 GMT-04:00" duration-ms="11889" status="PASS">
          <reporter-output>
          </reporter-output>
        </test-method> <!-- setUp -->
        <test-method signature="loginPageTitleTest()[pri:1, instance:com.crm.qa.testcases.LoginPageTest@f78a47e]" started-at="2023-04-28T17:05:26 GMT-04:00" name="loginPageTitleTest" finished-at="2023-04-28T17:05:26 GMT-04:00" duration-ms="67" status="PASS">
          <reporter-output>
          </reporter-output>
        </test-method> <!-- loginPageTitleTest -->
        <test-method is-config="true" signature="tearDown()[pri:0, instance:com.crm.qa.testcases.LoginPageTest@f78a47e]" started-at="2023-04-28T17:05:26 GMT-04:00" name="tearDown" finished-at="2023-04-28T17:05:26 GMT-04:00" duration-ms="114" status="PASS">
          <reporter-output>
          </reporter-output>
        </test-method> <!-- tearDown -->
        <test-method is-config="true" signature="setUp()[pri:0, instance:com.crm.qa.testcases.LoginPageTest@f78a47e]" started-at="2023-04-28T17:05:26 GMT-04:00" name="setUp" finished-at="2023-04-28T17:05:34 GMT-04:00" duration-ms="8481" status="PASS">
          <reporter-output>
          </reporter-output>
        </test-method> <!-- setUp -->
        <test-method signature="crmLogoImageTest()[pri:2, instance:com.crm.qa.testcases.LoginPageTest@f78a47e]" started-at="2023-04-28T17:05:34 GMT-04:00" name="crmLogoImageTest" finished-at="2023-04-28T17:05:35 GMT-04:00" duration-ms="765" status="PASS">
          <reporter-output>
          </reporter-output>
        </test-method> <!-- crmLogoImageTest -->
        <test-method is-config="true" signature="tearDown()[pri:0, instance:com.crm.qa.testcases.LoginPageTest@f78a47e]" started-at="2023-04-28T17:05:35 GMT-04:00" name="tearDown" finished-at="2023-04-28T17:05:35 GMT-04:00" duration-ms="113" status="PASS">
          <reporter-output>
          </reporter-output>
        </test-method> <!-- tearDown -->
        <test-method is-config="true" signature="setUp()[pri:0, instance:com.crm.qa.testcases.LoginPageTest@f78a47e]" started-at="2023-04-28T17:05:35 GMT-04:00" name="setUp" finished-at="2023-04-28T17:05:43 GMT-04:00" duration-ms="7975" status="PASS">
          <reporter-output>
          </reporter-output>
        </test-method> <!-- setUp -->
        <test-method signature="loginTest()[pri:3, instance:com.crm.qa.testcases.LoginPageTest@f78a47e]" started-at="2023-04-28T17:05:43 GMT-04:00" name="loginTest" finished-at="2023-04-28T17:05:54 GMT-04:00" duration-ms="10681" status="PASS">
          <reporter-output>
          </reporter-output>
        </test-method> <!-- loginTest -->
        <test-method is-config="true" signature="tearDown()[pri:0, instance:com.crm.qa.testcases.LoginPageTest@f78a47e]" started-at="2023-04-28T17:05:54 GMT-04:00" name="tearDown" finished-at="2023-04-28T17:05:54 GMT-04:00" duration-ms="108" status="PASS">
          <reporter-output>
          </reporter-output>
        </test-method> <!-- tearDown -->
      </class> <!-- com.crm.qa.testcases.LoginPageTest -->
    </test> <!-- Free CRM App Test Cases -->
  </suite> <!-- Free CRM Application Test Automation Test Suite -->
</testng-results>
